<?xml version="1.0" encoding="UTF-8"?>
<!-- Generated by org.testng.reporters.JUnitReportReporter -->
<testsuite hostname="DESKTOP-GJ9LNQF" failures="0" tests="1" name="day1.HttpReq" time="2.250" errors="0" timestamp="2024-06-29T16:54:22 IST" skipped="0">
  <testcase classname="day1.HttpReq" name="getUser" time="2.250"/>
</testsuite> <!-- day1.HttpReq -->
